# JRE version: OpenJDK Runtime Environment Temurin-21.0.9+10 (21.0.9+10) (build 21.0.9+10-LTS)
# Java VM: OpenJDK 64-Bit Server VM Temurin-21.0.9+10 (21.0.9+10-LTS, mixed mode, sharing, tiered, compressed oops, compressed class ptrs, parallel gc, windows-amd64)
GC Precious Log:
 CardTable entry size: 512
 CPUs: 16 total, 16 available
 Memory: 16088M
 Large Page Support: Disabled
 NUMA Support: Disabled
 Compressed Oops: Enabled (32-bit)
 Alignments: Space 512K, Generation 512K, Heap 2M
 Heap Min Capacity: 100M
 Heap Initial Capacity: 100M
 Heap Max Capacity: 2G
 Pre-touch: Disabled
 Parallel Workers: 13
Heap:
 PSYoungGen      total 43520K, used 22705K [0x00000000d5580000, 0x00000000d8a00000, 0x0000000100000000)
  eden space 41472K, 49% used [0x00000000d5580000,0x00000000d69acab0,0x00000000d7e00000)
  from space 2048K, 99% used [0x00000000d8600000,0x00000000d87ffd40,0x00000000d8800000)
  to   space 6144K, 0% used [0x00000000d7e00000,0x00000000d7e00000,0x00000000d8400000)
 ParOldGen       total 1246720K, used 443318K [0x0000000080000000, 0x00000000cc180000, 0x00000000d5580000)
  object space 1246720K, 35% used [0x0000000080000000,0x000000009b0ed968,0x00000000cc180000)
 Metaspace       used 158097K, committed 160320K, reserved 1245184K
  class space    used 17430K, committed 18496K, reserved 1048576K
GC Heap History (20 events):
Event: 8351.947 GC heap before
{Heap before GC invocations=9293 (full 15):
 PSYoungGen      total 59904K, used 59895K [0x00000000d5580000, 0x00000000d9e80000, 0x0000000100000000)
  eden space 53760K, 100% used [0x00000000d5580000,0x00000000d8a00000,0x00000000d8a00000)
  from space 6144K, 99% used [0x00000000d9400000,0x00000000d99fde60,0x00000000d9a00000)
  to   space 10240K, 0% used [0x00000000d8a00000,0x00000000d8a00000,0x00000000d9400000)
 ParOldGen       total 1246720K, used 408625K [0x0000000080000000, 0x00000000cc180000, 0x00000000d5580000)
  object space 1246720K, 32% used [0x0000000080000000,0x0000000098f0c690,0x00000000cc180000)
 Metaspace       used 158047K, committed 160256K, reserved 1245184K
  class space    used 17429K, committed 18496K, reserved 1048576K
}
Event: 8351.950 GC heap after
{Heap after GC invocations=9293 (full 15):
 PSYoungGen      total 55296K, used 2984K [0x00000000d5580000, 0x00000000d9480000, 0x0000000100000000)
  eden space 52224K, 0% used [0x00000000d5580000,0x00000000d5580000,0x00000000d8880000)
  from space 3072K, 97% used [0x00000000d8a00000,0x00000000d8cea390,0x00000000d8d00000)
  to   space 5632K, 0% used [0x00000000d8f00000,0x00000000d8f00000,0x00000000d9480000)
 ParOldGen       total 1246720K, used 410847K [0x0000000080000000, 0x00000000cc180000, 0x00000000d5580000)
  object space 1246720K, 32% used [0x0000000080000000,0x0000000099137e60,0x00000000cc180000)
 Metaspace       used 158047K, committed 160256K, reserved 1245184K
  class space    used 17429K, committed 18496K, reserved 1048576K
}
Event: 8352.921 GC heap before
{Heap before GC invocations=9294 (full 15):
 PSYoungGen      total 55296K, used 55208K [0x00000000d5580000, 0x00000000d9480000, 0x0000000100000000)
  eden space 52224K, 100% used [0x00000000d5580000,0x00000000d8880000,0x00000000d8880000)
  from space 3072K, 97% used [0x00000000d8a00000,0x00000000d8cea390,0x00000000d8d00000)
  to   space 5632K, 0% used [0x00000000d8f00000,0x00000000d8f00000,0x00000000d9480000)
 ParOldGen       total 1246720K, used 410847K [0x0000000080000000, 0x00000000cc180000, 0x00000000d5580000)
  object space 1246720K, 32% used [0x0000000080000000,0x0000000099137e60,0x00000000cc180000)
 Metaspace       used 158054K, committed 160256K, reserved 1245184K
  class space    used 17429K, committed 18496K, reserved 1048576K
}
Event: 8352.926 GC heap after
{Heap after GC invocations=9294 (full 15):
 PSYoungGen      total 55296K, used 4206K [0x00000000d5580000, 0x00000000d9380000, 0x0000000100000000)
  eden space 50688K, 0% used [0x00000000d5580000,0x00000000d5580000,0x00000000d8700000)
  from space 4608K, 91% used [0x00000000d8f00000,0x00000000d931b8a8,0x00000000d9380000)
  to   space 4608K, 0% used [0x00000000d8a80000,0x00000000d8a80000,0x00000000d8f00000)
 ParOldGen       total 1246720K, used 413490K [0x0000000080000000, 0x00000000cc180000, 0x00000000d5580000)
  object space 1246720K, 33% used [0x0000000080000000,0x00000000993cca88,0x00000000cc180000)
 Metaspace       used 158054K, committed 160256K, reserved 1245184K
  class space    used 17429K, committed 18496K, reserved 1048576K
}
Event: 8353.179 GC heap before
{Heap before GC invocations=9295 (full 15):
 PSYoungGen      total 55296K, used 54894K [0x00000000d5580000, 0x00000000d9380000, 0x0000000100000000)
  eden space 50688K, 100% used [0x00000000d5580000,0x00000000d8700000,0x00000000d8700000)
  from space 4608K, 91% used [0x00000000d8f00000,0x00000000d931b8a8,0x00000000d9380000)
  to   space 4608K, 0% used [0x00000000d8a80000,0x00000000d8a80000,0x00000000d8f00000)
 ParOldGen       total 1246720K, used 413490K [0x0000000080000000, 0x00000000cc180000, 0x00000000d5580000)
  object space 1246720K, 33% used [0x0000000080000000,0x00000000993cca88,0x00000000cc180000)
 Metaspace       used 158054K, committed 160256K, reserved 1245184K
  class space    used 17429K, committed 18496K, reserved 1048576K
}
Event: 8353.188 GC heap after
{Heap after GC invocations=9295 (full 15):
 PSYoungGen      total 53760K, used 4587K [0x00000000d5580000, 0x00000000d9880000, 0x0000000100000000)
  eden space 49152K, 0% used [0x00000000d5580000,0x00000000d5580000,0x00000000d8580000)
  from space 4608K, 99% used [0x00000000d8a80000,0x00000000d8efade8,0x00000000d8f00000)
  to   space 9728K, 0% used [0x00000000d8f00000,0x00000000d8f00000,0x00000000d9880000)
 ParOldGen       total 1246720K, used 417590K [0x0000000080000000, 0x00000000cc180000, 0x00000000d5580000)
  object space 1246720K, 33% used [0x0000000080000000,0x00000000997cdae8,0x00000000cc180000)
 Metaspace       used 158054K, committed 160256K, reserved 1245184K
  class space    used 17429K, committed 18496K, reserved 1048576K
}
Event: 8353.968 GC heap before
{Heap before GC invocations=9296 (full 15):
 PSYoungGen      total 53760K, used 53739K [0x00000000d5580000, 0x00000000d9880000, 0x0000000100000000)
  eden space 49152K, 100% used [0x00000000d5580000,0x00000000d8580000,0x00000000d8580000)
  from space 4608K, 99% used [0x00000000d8a80000,0x00000000d8efade8,0x00000000d8f00000)
  to   space 9728K, 0% used [0x00000000d8f00000,0x00000000d8f00000,0x00000000d9880000)
 ParOldGen       total 1246720K, used 417590K [0x0000000080000000, 0x00000000cc180000, 0x00000000d5580000)
  object space 1246720K, 33% used [0x0000000080000000,0x00000000997cdae8,0x00000000cc180000)
 Metaspace       used 158054K, committed 160256K, reserved 1245184K
  class space    used 17429K, committed 18496K, reserved 1048576K
}
Event: 8353.976 GC heap after
{Heap after GC invocations=9296 (full 15):
 PSYoungGen      total 51712K, used 3888K [0x00000000d5580000, 0x00000000d9300000, 0x0000000100000000)
  eden space 47616K, 0% used [0x00000000d5580000,0x00000000d5580000,0x00000000d8400000)
  from space 4096K, 94% used [0x00000000d8f00000,0x00000000d92cc280,0x00000000d9300000)
  to   space 5632K, 0% used [0x00000000d8800000,0x00000000d8800000,0x00000000d8d80000)
 ParOldGen       total 1246720K, used 421486K [0x0000000080000000, 0x00000000cc180000, 0x00000000d5580000)
  object space 1246720K, 33% used [0x0000000080000000,0x0000000099b9b980,0x00000000cc180000)
 Metaspace       used 158054K, committed 160256K, reserved 1245184K
  class space    used 17429K, committed 18496K, reserved 1048576K
}
Event: 8355.698 GC heap before
{Heap before GC invocations=9297 (full 15):
 PSYoungGen      total 51712K, used 51504K [0x00000000d5580000, 0x00000000d9300000, 0x0000000100000000)
  eden space 47616K, 100% used [0x00000000d5580000,0x00000000d8400000,0x00000000d8400000)
  from space 4096K, 94% used [0x00000000d8f00000,0x00000000d92cc280,0x00000000d9300000)
  to   space 5632K, 0% used [0x00000000d8800000,0x00000000d8800000,0x00000000d8d80000)
 ParOldGen       total 1246720K, used 421486K [0x0000000080000000, 0x00000000cc180000, 0x00000000d5580000)
  object space 1246720K, 33% used [0x0000000080000000,0x0000000099b9b980,0x00000000cc180000)
 Metaspace       used 158055K, committed 160256K, reserved 1245184K
  class space    used 17429K, committed 18496K, reserved 1048576K
}
Event: 8355.704 GC heap after
{Heap after GC invocations=9297 (full 15):
 PSYoungGen      total 51200K, used 4228K [0x00000000d5580000, 0x00000000d8f80000, 0x0000000100000000)
  eden space 46592K, 0% used [0x00000000d5580000,0x00000000d5580000,0x00000000d8300000)
  from space 4608K, 91% used [0x00000000d8800000,0x00000000d8c21080,0x00000000d8c80000)
  to   space 3072K, 0% used [0x00000000d8c80000,0x00000000d8c80000,0x00000000d8f80000)
 ParOldGen       total 1246720K, used 425229K [0x0000000080000000, 0x00000000cc180000, 0x00000000d5580000)
  object space 1246720K, 34% used [0x0000000080000000,0x0000000099f437e0,0x00000000cc180000)
 Metaspace       used 158055K, committed 160256K, reserved 1245184K
  class space    used 17429K, committed 18496K, reserved 1048576K
}
Event: 8360.805 GC heap before
{Heap before GC invocations=9298 (full 15):
 PSYoungGen      total 51200K, used 50820K [0x00000000d5580000, 0x00000000d8f80000, 0x0000000100000000)
  eden space 46592K, 100% used [0x00000000d5580000,0x00000000d8300000,0x00000000d8300000)
  from space 4608K, 91% used [0x00000000d8800000,0x00000000d8c21080,0x00000000d8c80000)
  to   space 3072K, 0% used [0x00000000d8c80000,0x00000000d8c80000,0x00000000d8f80000)
 ParOldGen       total 1246720K, used 425229K [0x0000000080000000, 0x00000000cc180000, 0x00000000d5580000)
  object space 1246720K, 34% used [0x0000000080000000,0x0000000099f437e0,0x00000000cc180000)
 Metaspace       used 158060K, committed 160256K, reserved 1245184K
  class space    used 17429K, committed 18496K, reserved 1048576K
}
Event: 8360.814 GC heap after
{Heap after GC invocations=9298 (full 15):
 PSYoungGen      total 48640K, used 3051K [0x00000000d5580000, 0x00000000d9300000, 0x0000000100000000)
  eden space 45568K, 0% used [0x00000000d5580000,0x00000000d5580000,0x00000000d8200000)
  from space 3072K, 99% used [0x00000000d8c80000,0x00000000d8f7ac50,0x00000000d8f80000)
  to   space 8704K, 0% used [0x00000000d8200000,0x00000000d8200000,0x00000000d8a80000)
 ParOldGen       total 1246720K, used 430018K [0x0000000080000000, 0x00000000cc180000, 0x00000000d5580000)
  object space 1246720K, 34% used [0x0000000080000000,0x000000009a3f08d0,0x00000000cc180000)
 Metaspace       used 158060K, committed 160256K, reserved 1245184K
  class space    used 17429K, committed 18496K, reserved 1048576K
}
Event: 8362.805 GC heap before
{Heap before GC invocations=9299 (full 15):
 PSYoungGen      total 48640K, used 48619K [0x00000000d5580000, 0x00000000d9300000, 0x0000000100000000)
  eden space 45568K, 100% used [0x00000000d5580000,0x00000000d8200000,0x00000000d8200000)
  from space 3072K, 99% used [0x00000000d8c80000,0x00000000d8f7ac50,0x00000000d8f80000)
  to   space 8704K, 0% used [0x00000000d8200000,0x00000000d8200000,0x00000000d8a80000)
 ParOldGen       total 1246720K, used 430018K [0x0000000080000000, 0x00000000cc180000, 0x00000000d5580000)
  object space 1246720K, 34% used [0x0000000080000000,0x000000009a3f08d0,0x00000000cc180000)
 Metaspace       used 158064K, committed 160256K, reserved 1245184K
  class space    used 17429K, committed 18496K, reserved 1048576K
}
Event: 8362.811 GC heap after
{Heap after GC invocations=9299 (full 15):
 PSYoungGen      total 48640K, used 3915K [0x00000000d5580000, 0x00000000d8d00000, 0x0000000100000000)
  eden space 44544K, 0% used [0x00000000d5580000,0x00000000d5580000,0x00000000d8100000)
  from space 4096K, 95% used [0x00000000d8200000,0x00000000d85d2c70,0x00000000d8600000)
  to   space 5632K, 0% used [0x00000000d8780000,0x00000000d8780000,0x00000000d8d00000)
 ParOldGen       total 1246720K, used 433081K [0x0000000080000000, 0x00000000cc180000, 0x00000000d5580000)
  object space 1246720K, 34% used [0x0000000080000000,0x000000009a6ee540,0x00000000cc180000)
 Metaspace       used 158064K, committed 160256K, reserved 1245184K
  class space    used 17429K, committed 18496K, reserved 1048576K
}
Event: 8594.397 GC heap before
{Heap before GC invocations=9300 (full 15):
 PSYoungGen      total 48640K, used 48459K [0x00000000d5580000, 0x00000000d8d00000, 0x0000000100000000)
  eden space 44544K, 100% used [0x00000000d5580000,0x00000000d8100000,0x00000000d8100000)
  from space 4096K, 95% used [0x00000000d8200000,0x00000000d85d2c70,0x00000000d8600000)
  to   space 5632K, 0% used [0x00000000d8780000,0x00000000d8780000,0x00000000d8d00000)
 ParOldGen       total 1246720K, used 433081K [0x0000000080000000, 0x00000000cc180000, 0x00000000d5580000)
  object space 1246720K, 34% used [0x0000000080000000,0x000000009a6ee540,0x00000000cc180000)
 Metaspace       used 158066K, committed 160320K, reserved 1245184K
  class space    used 17429K, committed 18496K, reserved 1048576K
}
Event: 8594.409 GC heap after
{Heap after GC invocations=9300 (full 15):
 PSYoungGen      total 47104K, used 3490K [0x00000000d5580000, 0x00000000d8b00000, 0x0000000100000000)
  eden space 43520K, 0% used [0x00000000d5580000,0x00000000d5580000,0x00000000d8000000)
  from space 3584K, 97% used [0x00000000d8780000,0x00000000d8ae8870,0x00000000d8b00000)
  to   space 4096K, 0% used [0x00000000d8300000,0x00000000d8300000,0x00000000d8700000)
 ParOldGen       total 1246720K, used 436796K [0x0000000080000000, 0x00000000cc180000, 0x00000000d5580000)
  object space 1246720K, 35% used [0x0000000080000000,0x000000009aa8f1d0,0x00000000cc180000)
 Metaspace       used 158066K, committed 160320K, reserved 1245184K
  class space    used 17429K, committed 18496K, reserved 1048576K
}
Event: 9116.309 GC heap before
{Heap before GC invocations=9301 (full 15):
 PSYoungGen      total 47104K, used 47010K [0x00000000d5580000, 0x00000000d8b00000, 0x0000000100000000)
  eden space 43520K, 100% used [0x00000000d5580000,0x00000000d8000000,0x00000000d8000000)
  from space 3584K, 97% used [0x00000000d8780000,0x00000000d8ae8870,0x00000000d8b00000)
  to   space 4096K, 0% used [0x00000000d8300000,0x00000000d8300000,0x00000000d8700000)
 ParOldGen       total 1246720K, used 436796K [0x0000000080000000, 0x00000000cc180000, 0x00000000d5580000)
  object space 1246720K, 35% used [0x0000000080000000,0x000000009aa8f1d0,0x00000000cc180000)
 Metaspace       used 158071K, committed 160320K, reserved 1245184K
  class space    used 17429K, committed 18496K, reserved 1048576K
}
Event: 9116.321 GC heap after
{Heap after GC invocations=9301 (full 15):
 PSYoungGen      total 45568K, used 2586K [0x00000000d5580000, 0x00000000d8800000, 0x0000000100000000)
  eden space 42496K, 0% used [0x00000000d5580000,0x00000000d5580000,0x00000000d7f00000)
  from space 3072K, 84% used [0x00000000d8300000,0x00000000d8586900,0x00000000d8600000)
  to   space 2048K, 0% used [0x00000000d8600000,0x00000000d8600000,0x00000000d8800000)
 ParOldGen       total 1246720K, used 440062K [0x0000000080000000, 0x00000000cc180000, 0x00000000d5580000)
  object space 1246720K, 35% used [0x0000000080000000,0x000000009adbfa70,0x00000000cc180000)
 Metaspace       used 158071K, committed 160320K, reserved 1245184K
  class space    used 17429K, committed 18496K, reserved 1048576K
}
Event: 9116.509 GC heap before
{Heap before GC invocations=9302 (full 15):
 PSYoungGen      total 45568K, used 45082K [0x00000000d5580000, 0x00000000d8800000, 0x0000000100000000)
  eden space 42496K, 100% used [0x00000000d5580000,0x00000000d7f00000,0x00000000d7f00000)
  from space 3072K, 84% used [0x00000000d8300000,0x00000000d8586900,0x00000000d8600000)
  to   space 2048K, 0% used [0x00000000d8600000,0x00000000d8600000,0x00000000d8800000)
 ParOldGen       total 1246720K, used 440062K [0x0000000080000000, 0x00000000cc180000, 0x00000000d5580000)
  object space 1246720K, 35% used [0x0000000080000000,0x000000009adbfa70,0x00000000cc180000)
 Metaspace       used 158071K, committed 160320K, reserved 1245184K
  class space    used 17429K, committed 18496K, reserved 1048576K
}
Event: 9116.518 GC heap after
{Heap after GC invocations=9302 (full 15):
 PSYoungGen      total 43520K, used 2047K [0x00000000d5580000, 0x00000000d8a00000, 0x0000000100000000)
  eden space 41472K, 0% used [0x00000000d5580000,0x00000000d5580000,0x00000000d7e00000)
  from space 2048K, 99% used [0x00000000d8600000,0x00000000d87ffd40,0x00000000d8800000)
  to   space 6144K, 0% used [0x00000000d7e00000,0x00000000d7e00000,0x00000000d8400000)
 ParOldGen       total 1246720K, used 443318K [0x0000000080000000, 0x00000000cc180000, 0x00000000d5580000)
  object space 1246720K, 35% used [0x0000000080000000,0x000000009b0ed968,0x00000000cc180000)
 Metaspace       used 158071K, committed 160320K, reserved 1245184K
  class space    used 17429K, committed 18496K, reserved 1048576K
}

